<?xml version="1.0" encoding="UTF-8"?>
<!-- Generated by org.testng.reporters.JUnitXMLReporter -->
<testsuite ignored="0" hostname="DESKTOP-GET1OHG" failures="0" tests="10" name="Default test" time="0.136" errors="0" timestamp="2023-03-31T08:51:19 IST">
  <testcase classname="day06.Program1" name="testCases01" time="0.016"/>
  <testcase classname="day06.Program1" name="testCases02" time="0.005"/>
  <testcase classname="day06.Program1" name="testCases03" time="0.003"/>
  <testcase classname="day06.Program1" name="testCases04" time="0.002"/>
  <testcase classname="day06.Program1" name="testCases05" time="0.002"/>
  <testcase classname="day06.Program7" name="testCases010" time="0.001"/>
  <testcase classname="day06.Program7" name="testCases06" time="0.001"/>
  <testcase classname="day06.Program7" name="testCases07" time="0.003"/>
  <testcase classname="day06.Program7" name="testCases08" time="0.003"/>
  <testcase classname="day06.Program7" name="testCases09" time="0.002"/>
</testsuite> <!-- Default test -->
