<?xml version="1.0" encoding="UTF-8"?>
<!-- Generated by org.testng.reporters.JUnitXMLReporter -->
<testsuite ignored="0" hostname="DESKTOP-GET1OHG" failures="0" tests="3" name="Default test" time="33.146" errors="0" timestamp="2023-04-03T08:53:29 IST">
  <testcase classname="day07.Program3" name="testCase" time="12.334"/>
  <testcase classname="day07.Program3" name="testCase" time="10.292"/>
  <testcase classname="day07.Program3" name="testCase" time="10.418"/>
</testsuite> <!-- Default test -->
