<?xml version="1.0" encoding="UTF-8"?>
<!-- Generated by org.testng.reporters.JUnitXMLReporter -->
<testsuite ignored="0" hostname="DESKTOP-GET1OHG" failures="0" tests="4" name="Test" time="60.339" errors="0" timestamp="2023-04-05T08:48:28 IST">
  <testcase classname="day08.Program4" name="testCase_Edge_1" time="13.58"/>
  <testcase classname="day08.Program3" name="testCase_Chrome_1" time="31.179"/>
  <testcase classname="day08.Program4" name="testCase_Edge_2" time="31.038"/>
  <testcase classname="day08.Program3" name="testCase_Chrome_2" time="29.089"/>
</testsuite> <!-- Test -->
