<?xml version="1.0" encoding="UTF-8"?>
<!-- Generated by org.testng.reporters.JUnitXMLReporter -->
<testsuite ignored="5" hostname="DESKTOP-GET1OHG" failures="0" tests="5" name="Test" time="0.101" errors="0" timestamp="2023-03-31T08:55:39 IST">
  <testcase classname="day06.Program1" name="testCases04" time="0.012"/>
  <testcase classname="day06.Program1" name="testCases02" time="0.003"/>
  <testcase classname="day06.Program7" name="testCases010" time="0.002"/>
  <testcase classname="day06.Program7" name="testCases07" time="0.003"/>
  <testcase classname="day06.Program7" name="testCases09" time="0.001"/>
  <testcase classname="day06.Program7" name="testCases08" time="0.0">
    <ignored/>
  </testcase> <!-- testCases08 -->
  <testcase classname="day06.Program7" name="testCases06" time="0.0">
    <ignored/>
  </testcase> <!-- testCases06 -->
  <testcase classname="day06.Program1" name="testCases03" time="0.0">
    <ignored/>
  </testcase> <!-- testCases03 -->
  <testcase classname="day06.Program1" name="testCases05" time="0.0">
    <ignored/>
  </testcase> <!-- testCases05 -->
  <testcase classname="day06.Program1" name="testCases01" time="0.0">
    <ignored/>
  </testcase> <!-- testCases01 -->
</testsuite> <!-- Test -->
