<?xml version="1.0" encoding="UTF-8"?>
<testng-results ignored="5" total="10" passed="5" failed="0" skipped="0">
  <reporter-output>
  </reporter-output>
  <suite started-at="2023-03-31T08:55:39 IST" name="Suite" finished-at="2023-03-31T08:55:39 IST" duration-ms="101">
    <groups>
    </groups>
    <test started-at="2023-03-31T08:55:39 IST" name="Test" finished-at="2023-03-31T08:55:39 IST" duration-ms="101">
      <class name="day06.Program1">
        <test-method signature="testCases04()[pri:0, instance:day06.Program1@434a63ab]" started-at="2023-03-31T08:55:39 IST" name="testCases04" finished-at="2023-03-31T08:55:39 IST" duration-ms="12" status="PASS">
          <reporter-output>
          </reporter-output>
        </test-method> <!-- testCases04 -->
        <test-method signature="testCases02()[pri:0, instance:day06.Program1@434a63ab]" started-at="2023-03-31T08:55:39 IST" name="testCases02" finished-at="2023-03-31T08:55:39 IST" duration-ms="3" status="PASS">
          <reporter-output>
          </reporter-output>
        </test-method> <!-- testCases02 -->
      </class> <!-- day06.Program1 -->
      <class name="day06.Program7">
        <test-method signature="testCases010()[pri:0, instance:day06.Program7@49049a04]" started-at="2023-03-31T08:55:39 IST" name="testCases010" finished-at="2023-03-31T08:55:39 IST" duration-ms="2" status="PASS">
          <reporter-output>
          </reporter-output>
        </test-method> <!-- testCases010 -->
        <test-method signature="testCases07()[pri:0, instance:day06.Program7@49049a04]" started-at="2023-03-31T08:55:39 IST" name="testCases07" finished-at="2023-03-31T08:55:39 IST" duration-ms="3" status="PASS">
          <reporter-output>
          </reporter-output>
        </test-method> <!-- testCases07 -->
        <test-method signature="testCases09()[pri:0, instance:day06.Program7@49049a04]" started-at="2023-03-31T08:55:39 IST" name="testCases09" finished-at="2023-03-31T08:55:39 IST" duration-ms="1" status="PASS">
          <reporter-output>
          </reporter-output>
        </test-method> <!-- testCases09 -->
      </class> <!-- day06.Program7 -->
    </test> <!-- Test -->
  </suite> <!-- Suite -->
</testng-results>
