<?xml version="1.0" encoding="UTF-8"?>
<testng-results ignored="0" total="3" passed="3" failed="0" skipped="0">
  <reporter-output>
  </reporter-output>
  <suite started-at="2023-04-03T08:52:56 IST" name="Default suite" finished-at="2023-04-03T08:53:29 IST" duration-ms="33146">
    <groups>
    </groups>
    <test started-at="2023-04-03T08:52:56 IST" name="Default test" finished-at="2023-04-03T08:53:29 IST" duration-ms="33146">
      <class name="day07.Program3">
        <test-method signature="testCase(java.lang.String,java.lang.String)[pri:0, instance:day07.Program3@3c7f66c4]" started-at="2023-04-03T08:52:56 IST" name="testCase" data-provider="demoTest" finished-at="2023-04-03T08:53:09 IST" duration-ms="12334" status="PASS">
          <params>
            <param index="0">
              <value>
                <![CDATA[user1]]>
              </value>
            </param>
            <param index="1">
              <value>
                <![CDATA[pwd1]]>
              </value>
            </param>
          </params>
          <reporter-output>
          </reporter-output>
        </test-method> <!-- testCase -->
        <test-method signature="testCase(java.lang.String,java.lang.String)[pri:0, instance:day07.Program3@3c7f66c4]" started-at="2023-04-03T08:53:09 IST" name="testCase" data-provider="demoTest" finished-at="2023-04-03T08:53:19 IST" duration-ms="10292" status="PASS">
          <params>
            <param index="0">
              <value>
                <![CDATA[user2]]>
              </value>
            </param>
            <param index="1">
              <value>
                <![CDATA[pwd2]]>
              </value>
            </param>
          </params>
          <reporter-output>
          </reporter-output>
        </test-method> <!-- testCase -->
        <test-method signature="testCase(java.lang.String,java.lang.String)[pri:0, instance:day07.Program3@3c7f66c4]" started-at="2023-04-03T08:53:19 IST" name="testCase" data-provider="demoTest" finished-at="2023-04-03T08:53:29 IST" duration-ms="10418" status="PASS">
          <params>
            <param index="0">
              <value>
                <![CDATA[user3]]>
              </value>
            </param>
            <param index="1">
              <value>
                <![CDATA[pwd3]]>
              </value>
            </param>
          </params>
          <reporter-output>
          </reporter-output>
        </test-method> <!-- testCase -->
      </class> <!-- day07.Program3 -->
    </test> <!-- Default test -->
  </suite> <!-- Default suite -->
</testng-results>
